<?xml version="1.0" encoding="UTF-8"?>
<coverage generated="1676160436299" clover="3.2.0">
  <project timestamp="1676160436299" name="All files">
    <metrics statements="96" coveredstatements="94" conditionals="50" coveredconditionals="46" methods="46" coveredmethods="41" elements="192" coveredelements="181" complexity="0" loc="96" ncloc="96" packages="1" files="7" classes="7"/>
    <file name="container.tsx" path="/home/kotto/github/react-modal-global/src/container.tsx">
      <metrics statements="12" coveredstatements="12" conditionals="14" coveredconditionals="14" methods="6" coveredmethods="6"/>
      <line num="25" count="2" type="stmt"/>
      <line num="52" count="21" type="stmt"/>
      <line num="59" count="104" type="cond" truecount="2" falsecount="0"/>
      <line num="63" count="21" type="stmt"/>
      <line num="67" count="21" type="stmt"/>
      <line num="71" count="50" type="stmt"/>
      <line num="72" count="50" type="stmt"/>
      <line num="73" count="50" type="cond" truecount="2" falsecount="0"/>
      <line num="74" count="50" type="cond" truecount="2" falsecount="0"/>
      <line num="75" count="50" type="stmt"/>
      <line num="93" count="50" type="stmt"/>
      <line num="94" count="2" type="stmt"/>
    </file>
    <file name="context.ts" path="/home/kotto/github/react-modal-global/src/context.ts">
      <metrics statements="1" coveredstatements="1" conditionals="0" coveredconditionals="0" methods="0" coveredmethods="0"/>
      <line num="23" count="3" type="stmt"/>
    </file>
    <file name="controller.ts" path="/home/kotto/github/react-modal-global/src/controller.ts">
      <metrics statements="59" coveredstatements="59" conditionals="18" coveredconditionals="18" methods="32" coveredmethods="27"/>
      <line num="25" count="2" type="stmt"/>
      <line num="30" count="2" type="stmt"/>
      <line num="38" count="68" type="stmt"/>
      <line num="39" count="68" type="cond" truecount="2" falsecount="0"/>
      <line num="40" count="4" type="stmt"/>
      <line num="41" count="4" type="stmt"/>
      <line num="44" count="64" type="stmt"/>
      <line num="74" count="43" type="stmt"/>
      <line num="75" count="43" type="stmt"/>
      <line num="76" count="43" type="stmt"/>
      <line num="77" count="20" type="stmt"/>
      <line num="78" count="20" type="stmt"/>
      <line num="81" count="43" type="stmt"/>
      <line num="82" count="43" type="stmt"/>
      <line num="84" count="43" type="stmt"/>
      <line num="86" count="43" type="stmt"/>
      <line num="89" count="2" type="stmt"/>
      <line num="99" count="2" type="stmt"/>
      <line num="103" count="2" type="stmt"/>
      <line num="109" count="43" type="cond" truecount="2" falsecount="0"/>
      <line num="110" count="3" type="stmt"/>
      <line num="111" count="3" type="stmt"/>
      <line num="114" count="40" type="stmt"/>
      <line num="116" count="37" type="cond" truecount="4" falsecount="0"/>
      <line num="117" count="15" type="stmt"/>
      <line num="119" count="15" type="stmt"/>
      <line num="120" count="15" type="stmt"/>
      <line num="121" count="15" type="cond" truecount="4" falsecount="0"/>
      <line num="122" count="2" type="stmt"/>
      <line num="129" count="35" type="stmt"/>
      <line num="140" count="20" type="cond" truecount="2" falsecount="0"/>
      <line num="141" count="1" type="stmt"/>
      <line num="142" count="1" type="stmt"/>
      <line num="143" count="1" type="stmt"/>
      <line num="145" count="1" type="stmt"/>
      <line num="148" count="19" type="stmt"/>
      <line num="149" count="30" type="stmt"/>
      <line num="150" count="18" type="stmt"/>
      <line num="153" count="18" type="cond" truecount="4" falsecount="0"/>
      <line num="154" count="9" type="stmt"/>
      <line num="157" count="9" type="stmt"/>
      <line num="166" count="3" type="stmt"/>
      <line num="167" count="3" type="stmt"/>
      <line num="178" count="1" type="stmt"/>
      <line num="179" count="4" type="stmt"/>
      <line num="180" count="1" type="stmt"/>
      <line num="182" count="4" type="stmt"/>
      <line num="183" count="1" type="stmt"/>
      <line num="185" count="1" type="stmt"/>
      <line num="192" count="1" type="stmt"/>
      <line num="193" count="5" type="stmt"/>
      <line num="194" count="1" type="stmt"/>
      <line num="196" count="2" type="stmt"/>
      <line num="197" count="1" type="stmt"/>
      <line num="199" count="1" type="stmt"/>
      <line num="206" count="1" type="stmt"/>
      <line num="207" count="4" type="stmt"/>
      <line num="208" count="1" type="stmt"/>
      <line num="213" count="2" type="stmt"/>
    </file>
    <file name="hooks.ts" path="/home/kotto/github/react-modal-global/src/hooks.ts">
      <metrics statements="3" coveredstatements="3" conditionals="2" coveredconditionals="2" methods="1" coveredmethods="1"/>
      <line num="34" count="54" type="stmt"/>
      <line num="35" count="53" type="cond" truecount="2" falsecount="0"/>
      <line num="37" count="49" type="stmt"/>
    </file>
    <file name="index.ts" path="/home/kotto/github/react-modal-global/src/index.ts">
      <metrics statements="0" coveredstatements="0" conditionals="0" coveredconditionals="0" methods="0" coveredmethods="0"/>
    </file>
    <file name="types.ts" path="/home/kotto/github/react-modal-global/src/types.ts">
      <metrics statements="0" coveredstatements="0" conditionals="0" coveredconditionals="0" methods="0" coveredmethods="0"/>
    </file>
    <file name="utils.ts" path="/home/kotto/github/react-modal-global/src/utils.ts">
      <metrics statements="21" coveredstatements="19" conditionals="16" coveredconditionals="12" methods="7" coveredmethods="7"/>
      <line num="26" count="54" type="stmt"/>
      <line num="27" count="54" type="cond" truecount="2" falsecount="0"/>
      <line num="29" count="24" type="stmt"/>
      <line num="30" count="24" type="stmt"/>
      <line num="32" count="24" type="stmt"/>
      <line num="33" count="24" type="stmt"/>
      <line num="36" count="2" type="stmt"/>
      <line num="37" count="30" type="stmt"/>
      <line num="38" count="30" type="stmt"/>
      <line num="39" count="174" type="cond" truecount="4" falsecount="0"/>
      <line num="40" count="30" type="cond" truecount="1" falsecount="1"/>
      <line num="41" count="0" type="stmt"/>
      <line num="43" count="30" type="stmt"/>
      <line num="45" count="174" type="stmt"/>
      <line num="50" count="30" type="cond" truecount="1" falsecount="1"/>
      <line num="52" count="30" type="stmt"/>
      <line num="53" count="30" type="stmt"/>
      <line num="62" count="26" type="stmt"/>
      <line num="63" count="7" type="cond" truecount="3" falsecount="1"/>
      <line num="64" count="7" type="cond" truecount="1" falsecount="1"/>
      <line num="67" count="0" type="stmt"/>
    </file>
  </project>
</coverage>
