<?xml version="1.0" encoding="UTF-8"?>
<coverage generated="1679681705391" clover="3.2.0">
  <project timestamp="1679681705392" name="All files">
    <metrics statements="129" coveredstatements="84" conditionals="68" coveredconditionals="36" methods="48" coveredmethods="30" elements="245" coveredelements="150" complexity="0" loc="129" ncloc="129" packages="1" files="8" classes="8"/>
    <file name="container.new.tsx" path="/home/kotto/github/react-modal-global/src/container.new.tsx">
      <metrics statements="13" coveredstatements="13" conditionals="16" coveredconditionals="15" methods="4" coveredmethods="4"/>
      <line num="27" count="2" type="stmt"/>
      <line num="33" count="90" type="stmt"/>
      <line num="34" count="90" type="stmt"/>
      <line num="35" count="28" type="cond" truecount="1" falsecount="1"/>
      <line num="36" count="28" type="stmt"/>
      <line num="39" count="90" type="cond" truecount="2" falsecount="0"/>
      <line num="40" count="90" type="cond" truecount="2" falsecount="0"/>
      <line num="42" count="90" type="stmt"/>
      <line num="43" count="90" type="cond" truecount="2" falsecount="0"/>
      <line num="47" count="90" type="cond" truecount="2" falsecount="0"/>
      <line num="53" count="90" type="stmt"/>
      <line num="65" count="47" type="stmt"/>
      <line num="66" count="2" type="stmt"/>
    </file>
    <file name="container.tsx" path="/home/kotto/github/react-modal-global/src/container.tsx">
      <metrics statements="10" coveredstatements="0" conditionals="14" coveredconditionals="0" methods="4" coveredmethods="0"/>
      <line num="55" count="0" type="stmt"/>
      <line num="62" count="0" type="cond" truecount="0" falsecount="2"/>
      <line num="74" count="0" type="stmt"/>
      <line num="75" count="0" type="stmt"/>
      <line num="76" count="0" type="cond" truecount="0" falsecount="2"/>
      <line num="77" count="0" type="cond" truecount="0" falsecount="2"/>
      <line num="79" count="0" type="cond" truecount="0" falsecount="2"/>
      <line num="83" count="0" type="stmt"/>
      <line num="101" count="0" type="stmt"/>
      <line num="102" count="0" type="stmt"/>
    </file>
    <file name="context.ts" path="/home/kotto/github/react-modal-global/src/context.ts">
      <metrics statements="1" coveredstatements="1" conditionals="0" coveredconditionals="0" methods="0" coveredmethods="0"/>
      <line num="23" count="2" type="stmt"/>
    </file>
    <file name="controller.ts" path="/home/kotto/github/react-modal-global/src/controller.ts">
      <metrics statements="73" coveredstatements="58" conditionals="16" coveredconditionals="13" methods="30" coveredmethods="21"/>
      <line num="24" count="3" type="stmt"/>
      <line num="48" count="38" type="stmt"/>
      <line num="50" count="68" type="stmt"/>
      <line num="56" count="158" type="stmt"/>
      <line num="59" count="38" type="stmt"/>
      <line num="60" count="38" type="stmt"/>
      <line num="63" count="0" type="stmt"/>
      <line num="87" count="54" type="stmt"/>
      <line num="88" count="54" type="stmt"/>
      <line num="89" count="54" type="stmt"/>
      <line num="90" count="24" type="stmt"/>
      <line num="91" count="24" type="stmt"/>
      <line num="94" count="54" type="stmt"/>
      <line num="95" count="54" type="stmt"/>
      <line num="97" count="54" type="stmt"/>
      <line num="99" count="54" type="stmt"/>
      <line num="102" count="2" type="stmt"/>
      <line num="112" count="2" type="stmt"/>
      <line num="113" count="2" type="cond" truecount="1" falsecount="1"/>
      <line num="114" count="2" type="stmt"/>
      <line num="117" count="2" type="stmt"/>
      <line num="128" count="54" type="cond" truecount="4" falsecount="0"/>
      <line num="129" count="2" type="stmt"/>
      <line num="132" count="54" type="stmt"/>
      <line num="133" count="54" type="stmt"/>
      <line num="134" count="54" type="stmt"/>
      <line num="140" count="24" type="cond" truecount="1" falsecount="1"/>
      <line num="142" count="24" type="stmt"/>
      <line num="143" count="24" type="cond" truecount="2" falsecount="0"/>
      <line num="144" count="13" type="stmt"/>
      <line num="148" count="13" type="cond" truecount="2" falsecount="0"/>
      <line num="149" count="10" type="stmt"/>
      <line num="150" count="10" type="stmt"/>
      <line num="154" count="14" type="stmt"/>
      <line num="155" count="14" type="stmt"/>
      <line num="159" count="2" type="stmt"/>
      <line num="160" count="9" type="cond" truecount="2" falsecount="0"/>
      <line num="161" count="1" type="stmt"/>
      <line num="164" count="8" type="cond" truecount="1" falsecount="1"/>
      <line num="165" count="0" type="stmt"/>
      <line num="168" count="8" type="stmt"/>
      <line num="170" count="2" type="stmt"/>
      <line num="174" count="5" type="stmt"/>
      <line num="175" count="1" type="stmt"/>
      <line num="182" count="8" type="stmt"/>
      <line num="188" count="2" type="stmt"/>
      <line num="194" count="1" type="stmt"/>
      <line num="195" count="1" type="stmt"/>
      <line num="208" count="28" type="stmt"/>
      <line num="209" count="101" type="stmt"/>
      <line num="213" count="101" type="stmt"/>
      <line num="216" count="28" type="stmt"/>
      <line num="218" count="28" type="stmt"/>
      <line num="219" count="28" type="stmt"/>
      <line num="220" count="28" type="stmt"/>
      <line num="222" count="28" type="stmt"/>
      <line num="223" count="28" type="stmt"/>
      <line num="224" count="28" type="stmt"/>
      <line num="225" count="28" type="stmt"/>
      <line num="236" count="0" type="stmt"/>
      <line num="237" count="0" type="stmt"/>
      <line num="239" count="0" type="stmt"/>
      <line num="240" count="0" type="stmt"/>
      <line num="241" count="0" type="stmt"/>
      <line num="252" count="0" type="stmt"/>
      <line num="255" count="0" type="stmt"/>
      <line num="256" count="0" type="stmt"/>
      <line num="257" count="0" type="stmt"/>
      <line num="258" count="0" type="stmt"/>
      <line num="262" count="0" type="stmt"/>
      <line num="263" count="0" type="stmt"/>
      <line num="267" count="0" type="stmt"/>
      <line num="271" count="3" type="stmt"/>
    </file>
    <file name="hooks.ts" path="/home/kotto/github/react-modal-global/src/hooks.ts">
      <metrics statements="3" coveredstatements="3" conditionals="2" coveredconditionals="2" methods="1" coveredmethods="1"/>
      <line num="34" count="59" type="stmt"/>
      <line num="35" count="58" type="cond" truecount="2" falsecount="0"/>
      <line num="37" count="54" type="stmt"/>
    </file>
    <file name="index.ts" path="/home/kotto/github/react-modal-global/src/index.ts">
      <metrics statements="0" coveredstatements="0" conditionals="0" coveredconditionals="0" methods="0" coveredmethods="0"/>
    </file>
    <file name="types.ts" path="/home/kotto/github/react-modal-global/src/types.ts">
      <metrics statements="0" coveredstatements="0" conditionals="0" coveredconditionals="0" methods="0" coveredmethods="0"/>
    </file>
    <file name="utils.ts" path="/home/kotto/github/react-modal-global/src/utils.ts">
      <metrics statements="29" coveredstatements="9" conditionals="20" coveredconditionals="6" methods="9" coveredmethods="4"/>
      <line num="26" count="94" type="stmt"/>
      <line num="27" count="94" type="cond" truecount="2" falsecount="0"/>
      <line num="29" count="27" type="stmt"/>
      <line num="30" count="27" type="stmt"/>
      <line num="32" count="27" type="stmt"/>
      <line num="33" count="27" type="stmt"/>
      <line num="38" count="0" type="cond" truecount="0" falsecount="2"/>
      <line num="41" count="0" type="stmt"/>
      <line num="42" count="0" type="stmt"/>
      <line num="43" count="0" type="cond" truecount="0" falsecount="4"/>
      <line num="44" count="0" type="cond" truecount="0" falsecount="2"/>
      <line num="45" count="0" type="stmt"/>
      <line num="47" count="0" type="stmt"/>
      <line num="50" count="0" type="stmt"/>
      <line num="55" count="0" type="cond" truecount="0" falsecount="2"/>
      <line num="58" count="0" type="cond" truecount="0" falsecount="2"/>
      <line num="59" count="0" type="stmt"/>
      <line num="63" count="0" type="stmt"/>
      <line num="66" count="0" type="stmt"/>
      <line num="70" count="0" type="stmt"/>
      <line num="71" count="0" type="stmt"/>
      <line num="73" count="0" type="stmt"/>
      <line num="74" count="0" type="stmt"/>
      <line num="77" count="0" type="stmt"/>
      <line num="78" count="0" type="stmt"/>
      <line num="87" count="31" type="stmt"/>
      <line num="88" count="7" type="cond" truecount="3" falsecount="1"/>
      <line num="89" count="7" type="cond" truecount="1" falsecount="1"/>
      <line num="92" count="0" type="stmt"/>
    </file>
  </project>
</coverage>
