TN:
SF:src/Deffered.ts
FN:24,(anonymous_0)
FN:25,(anonymous_1)
FNF:2
FNH:2
FNDA:64,(anonymous_0)
FNDA:64,(anonymous_1)
DA:25,64
DA:26,64
DA:27,64
LF:3
LH:3
BRF:0
BRH:0
end_of_record
TN:
SF:src/ModalContainer.tsx
FN:39,ModalContainer
FN:45,(anonymous_1)
FN:63,(anonymous_2)
FN:64,onClose
FNF:4
FNH:4
FNDA:92,ModalContainer
FNDA:46,(anonymous_1)
FNDA:36,(anonymous_2)
FNDA:2,onClose
DA:40,92
DA:42,92
DA:45,92
DA:48,46
DA:49,46
DA:50,36
DA:53,46
DA:61,92
DA:65,2
DA:66,1
DA:69,36
LF:11
LH:11
BRDA:42,0,0,92
BRDA:42,0,1,92
BRDA:49,1,0,36
BRDA:49,1,1,10
BRDA:62,2,0,92
BRDA:62,2,1,23
BRDA:65,3,0,1
BRDA:65,3,1,1
BRF:8
BRH:8
end_of_record
TN:
SF:src/ModalController.ts
FN:36,(anonymous_0)
FN:39,(anonymous_1)
FN:44,(anonymous_2)
FN:50,(anonymous_3)
FN:58,(anonymous_4)
FN:64,(anonymous_5)
FN:87,(anonymous_6)
FN:98,(anonymous_7)
FN:112,(anonymous_8)
FN:113,(anonymous_9)
FN:114,(anonymous_10)
FN:117,(anonymous_11)
FN:118,(anonymous_12)
FN:131,(anonymous_13)
FN:134,(anonymous_14)
FN:135,(anonymous_15)
FN:138,(anonymous_16)
FN:141,(anonymous_17)
FN:145,(anonymous_18)
FN:146,(anonymous_19)
FN:160,(anonymous_20)
FNF:21
FNH:19
FNDA:74,(anonymous_0)
FNDA:188,(anonymous_1)
FNDA:14,(anonymous_2)
FNDA:6,(anonymous_3)
FNDA:64,(anonymous_4)
FNDA:14,(anonymous_5)
FNDA:2,(anonymous_6)
FNDA:28,(anonymous_7)
FNDA:1,(anonymous_8)
FNDA:5,(anonymous_9)
FNDA:2,(anonymous_10)
FNDA:2,(anonymous_11)
FNDA:9,(anonymous_12)
FNDA:8,(anonymous_13)
FNDA:1,(anonymous_14)
FNDA:4,(anonymous_15)
FNDA:0,(anonymous_16)
FNDA:0,(anonymous_17)
FNDA:29,(anonymous_18)
FNDA:104,(anonymous_19)
FNDA:29,(anonymous_20)
DA:31,42
DA:32,42
DA:35,42
DA:37,74
DA:40,188
DA:45,14
DA:47,14
DA:48,14
DA:51,6
DA:53,2
DA:54,2
DA:61,64
DA:64,64
DA:68,64
DA:69,64
DA:70,6
DA:72,6
DA:75,58
DA:76,1
DA:78,58
DA:81,58
DA:82,58
DA:84,58
DA:88,2
DA:89,2
DA:90,2
DA:95,2
DA:99,28
DA:100,28
DA:102,28
DA:103,14
DA:105,14
DA:108,14
DA:109,14
DA:113,5
DA:114,2
DA:118,2
DA:119,9
DA:120,1
DA:123,8
DA:124,0
DA:125,0
DA:129,8
DA:131,8
DA:135,4
DA:139,0
DA:141,0
DA:142,0
DA:146,29
DA:147,104
DA:151,104
DA:154,29
DA:156,29
DA:157,29
DA:158,29
DA:160,29
DA:161,29
DA:162,29
DA:163,29
LF:59
LH:54
BRDA:45,0,0,0
BRDA:45,0,1,14
BRDA:51,1,0,4
BRDA:51,1,1,2
BRDA:69,2,0,6
BRDA:69,2,1,58
BRDA:75,3,0,1
BRDA:75,3,1,57
BRDA:75,4,0,58
BRDA:75,4,1,32
BRDA:89,5,0,2
BRDA:89,5,1,0
BRDA:99,6,0,0
BRDA:99,6,1,28
BRDA:100,7,0,0
BRDA:100,7,1,28
BRDA:102,8,0,14
BRDA:102,8,1,14
BRDA:119,9,0,1
BRDA:119,9,1,8
BRDA:123,10,0,0
BRDA:123,10,1,8
BRDA:124,11,0,0
BRDA:124,11,1,0
BRF:24
BRH:17
end_of_record
TN:
SF:src/ModalWindow.ts
FN:68,(anonymous_0)
FN:93,(anonymous_1)
FN:108,(anonymous_2)
FN:111,(anonymous_3)
FNF:4
FNH:4
FNDA:64,(anonymous_0)
FNDA:14,(anonymous_1)
FNDA:2,(anonymous_2)
FNDA:64,(anonymous_3)
DA:25,3
DA:32,3
DA:69,64
DA:70,64
DA:72,64
DA:73,64
DA:75,64
DA:77,64
DA:78,64
DA:80,64
DA:93,64
DA:94,14
DA:95,14
DA:97,14
DA:109,2
DA:112,64
LF:16
LH:16
BRF:0
BRH:0
end_of_record
TN:
SF:src/context.ts
FNF:0
FNH:0
DA:23,2
LF:1
LH:1
BRF:0
BRH:0
end_of_record
TN:
SF:src/hooks.ts
FN:35,useModalWindow
FN:50,useModalState
FN:53,(anonymous_2)
FNF:3
FNH:3
FNDA:62,useModalWindow
FNDA:92,useModalState
FNDA:29,(anonymous_2)
DA:36,62
DA:37,61
DA:40,57
DA:45,2
DA:51,92
DA:53,92
DA:54,29
DA:57,92
LF:8
LH:8
BRDA:37,0,0,4
BRDA:37,0,1,57
BRF:2
BRH:2
end_of_record
TN:
SF:src/index.ts
FNF:0
FNH:0
LF:0
LH:0
BRF:0
BRH:0
end_of_record
TN:
SF:src/types.ts
FNF:0
FNH:0
LF:0
LH:0
BRF:0
BRH:0
end_of_record
TN:
SF:src/utils.ts
FN:26,classWithModifiers
FN:33,(anonymous_1)
FN:38,serialize
FN:41,getCircularReplacer
FN:43,(anonymous_4)
FN:55,transform
FN:68,replacer
FN:71,(anonymous_7)
FN:88,stopPropagation
FN:89,(anonymous_9)
FN:104,expectToThrow
FN:108,(anonymous_11)
FN:120,cyrb53
FN:139,elementClick
FNF:14
FNH:14
FNDA:130,classWithModifiers
FNDA:25,(anonymous_1)
FNDA:65,serialize
FNDA:65,getCircularReplacer
FNDA:236,(anonymous_4)
FNDA:236,transform
FNDA:65,replacer
FNDA:236,(anonymous_7)
FNDA:36,stopPropagation
FNDA:8,(anonymous_9)
FNDA:1,expectToThrow
FNDA:3,(anonymous_11)
FNDA:64,cyrb53
FNDA:2,elementClick
DA:27,130
DA:28,130
DA:30,25
DA:31,25
DA:33,25
DA:34,25
DA:39,65
DA:42,65
DA:43,65
DA:44,236
DA:45,100
DA:46,1
DA:48,99
DA:51,235
DA:56,236
DA:58,64
DA:59,11
DA:62,53
DA:65,172
DA:69,65
DA:71,65
DA:72,236
DA:74,236
DA:75,236
DA:79,65
DA:80,65
DA:89,36
DA:90,8
DA:91,8
DA:94,2
DA:107,1
DA:108,3
DA:110,1
DA:112,1
DA:121,64
DA:122,64
DA:124,64
DA:125,2816
DA:127,2816
DA:128,2816
DA:131,64
DA:132,64
DA:133,64
DA:134,64
DA:136,64
DA:140,2
DA:142,2
DA:144,2
LF:48
LH:48
BRDA:28,0,0,105
BRDA:28,0,1,25
BRDA:39,1,0,0
BRDA:39,1,1,65
BRDA:44,2,0,100
BRDA:44,2,1,136
BRDA:44,3,0,236
BRDA:44,3,1,100
BRDA:45,4,0,1
BRDA:45,4,1,99
BRDA:56,5,0,64
BRDA:56,5,1,172
BRDA:58,6,0,11
BRDA:58,6,1,53
BRDA:58,7,0,64
BRDA:58,7,1,64
BRDA:90,8,0,8
BRDA:90,8,1,0
BRDA:90,9,0,8
BRDA:90,9,1,8
BRDA:91,10,0,6
BRDA:91,10,1,2
BRDA:120,11,0,0
BRDA:140,12,0,0
BRDA:140,12,1,2
BRF:25
BRH:21
end_of_record
