TN:
SF:src/container.tsx
FN:48,ModalContainer
FN:77,(anonymous_1)
FN:77,(anonymous_2)
FNF:3
FNH:3
FNDA:90,ModalContainer
FNDA:47,(anonymous_1)
FNDA:2,(anonymous_2)
DA:49,90
DA:51,90
DA:52,90
DA:54,90
DA:55,90
DA:59,90
DA:65,90
DA:77,47
DA:78,2
LF:9
LH:9
BRDA:51,0,0,90
BRDA:51,0,1,90
BRDA:52,1,0,90
BRDA:52,1,1,90
BRDA:55,2,0,30
BRDA:55,2,1,60
BRDA:59,3,0,31
BRDA:59,3,1,59
BRDA:67,4,0,90
BRDA:67,4,1,23
BRDA:71,5,0,90
BRDA:71,5,1,31
BRDA:79,6,0,1
BRDA:79,6,1,1
BRF:14
BRH:14
end_of_record
TN:
SF:src/context.ts
FNF:0
FNH:0
DA:23,2
LF:1
LH:1
BRF:0
BRH:0
end_of_record
TN:
SF:src/controller.ts
FN:49,(anonymous_0)
FN:55,(anonymous_1)
FN:83,(anonymous_2)
FN:84,(anonymous_3)
FN:85,(anonymous_4)
FN:86,(anonymous_5)
FN:98,(anonymous_6)
FN:108,(anonymous_7)
FN:123,(anonymous_8)
FN:136,(anonymous_9)
FN:155,(anonymous_10)
FN:156,(anonymous_11)
FN:170,(anonymous_12)
FN:171,(anonymous_13)
FN:178,(anonymous_14)
FN:179,(anonymous_15)
FN:184,(anonymous_16)
FN:185,(anonymous_17)
FN:190,(anonymous_18)
FN:204,(anonymous_19)
FN:205,(anonymous_20)
FN:219,(anonymous_21)
FNF:22
FNH:21
FNDA:68,(anonymous_0)
FNDA:158,(anonymous_1)
FNDA:54,(anonymous_2)
FNDA:0,(anonymous_3)
FNDA:54,(anonymous_4)
FNDA:24,(anonymous_5)
FNDA:2,(anonymous_6)
FNDA:2,(anonymous_7)
FNDA:54,(anonymous_8)
FNDA:24,(anonymous_9)
FNDA:2,(anonymous_10)
FNDA:9,(anonymous_11)
FNDA:1,(anonymous_12)
FNDA:5,(anonymous_13)
FNDA:2,(anonymous_14)
FNDA:8,(anonymous_15)
FNDA:1,(anonymous_16)
FNDA:2,(anonymous_17)
FNDA:1,(anonymous_18)
FNDA:28,(anonymous_19)
FNDA:101,(anonymous_20)
FNDA:28,(anonymous_21)
DA:24,3
DA:48,38
DA:50,68
DA:56,158
DA:59,38
DA:60,38
DA:84,54
DA:85,54
DA:86,54
DA:87,24
DA:88,24
DA:91,54
DA:92,54
DA:94,54
DA:96,54
DA:99,2
DA:109,2
DA:110,2
DA:111,2
DA:114,2
DA:125,54
DA:126,2
DA:129,54
DA:130,54
DA:131,54
DA:137,24
DA:139,24
DA:140,24
DA:141,13
DA:145,13
DA:146,10
DA:147,10
DA:151,14
DA:152,14
DA:156,2
DA:157,9
DA:158,1
DA:161,8
DA:162,0
DA:165,8
DA:167,2
DA:171,5
DA:172,1
DA:179,8
DA:185,2
DA:191,1
DA:192,1
DA:205,28
DA:206,101
DA:210,101
DA:213,28
DA:215,28
DA:216,28
DA:217,28
DA:219,28
DA:220,28
DA:221,28
DA:222,28
DA:228,3
LF:59
LH:58
BRDA:110,0,0,2
BRDA:110,0,1,0
BRDA:125,1,0,2
BRDA:125,1,1,52
BRDA:125,2,0,54
BRDA:125,2,1,31
BRDA:137,3,0,0
BRDA:137,3,1,24
BRDA:140,4,0,13
BRDA:140,4,1,11
BRDA:145,5,0,10
BRDA:145,5,1,3
BRDA:157,6,0,1
BRDA:157,6,1,8
BRDA:161,7,0,0
BRDA:161,7,1,8
BRF:16
BRH:13
end_of_record
TN:
SF:src/hooks.ts
FN:34,useModalContext
FN:48,useModalState
FN:51,(anonymous_2)
FNF:3
FNH:3
FNDA:59,useModalContext
FNDA:90,useModalState
FNDA:28,(anonymous_2)
DA:35,59
DA:36,58
DA:38,54
DA:43,2
DA:49,90
DA:51,90
DA:52,28
DA:55,90
LF:8
LH:8
BRDA:36,0,0,4
BRDA:36,0,1,54
BRDA:48,1,0,0
BRF:3
BRH:2
end_of_record
TN:
SF:src/index.ts
FNF:0
FNH:0
LF:0
LH:0
BRF:0
BRH:0
end_of_record
TN:
SF:src/types.ts
FNF:0
FNH:0
LF:0
LH:0
BRF:0
BRH:0
end_of_record
TN:
SF:src/utils.ts
FN:25,classWithModifiers
FN:32,(anonymous_1)
FN:37,serialize
FN:40,getCircularReplacer
FN:42,(anonymous_4)
FN:54,transform
FN:69,replacer
FN:86,stopPropagation
FN:87,(anonymous_8)
FNF:9
FNH:4
FNDA:94,classWithModifiers
FNDA:27,(anonymous_1)
FNDA:0,serialize
FNDA:0,getCircularReplacer
FNDA:0,(anonymous_4)
FNDA:0,transform
FNDA:0,replacer
FNDA:31,stopPropagation
FNDA:7,(anonymous_8)
DA:26,94
DA:27,94
DA:29,27
DA:30,27
DA:32,27
DA:33,27
DA:38,0
DA:41,0
DA:42,0
DA:43,0
DA:44,0
DA:45,0
DA:47,0
DA:50,0
DA:55,0
DA:58,0
DA:59,0
DA:63,0
DA:66,0
DA:70,0
DA:71,0
DA:73,0
DA:74,0
DA:77,0
DA:78,0
DA:87,31
DA:88,7
DA:89,7
DA:92,0
LF:29
LH:9
BRDA:27,0,0,67
BRDA:27,0,1,27
BRDA:38,1,0,0
BRDA:38,1,1,0
BRDA:43,2,0,0
BRDA:43,2,1,0
BRDA:43,3,0,0
BRDA:43,3,1,0
BRDA:44,4,0,0
BRDA:44,4,1,0
BRDA:55,5,0,0
BRDA:55,5,1,0
BRDA:58,6,0,0
BRDA:58,6,1,0
BRDA:88,7,0,7
BRDA:88,7,1,0
BRDA:88,8,0,7
BRDA:88,8,1,7
BRDA:89,9,0,7
BRDA:89,9,1,0
BRF:20
BRH:6
end_of_record
